d:\git code\practice\牛客练习题\debug\vc142.pdb
d:\git code\practice\牛客练习题\debug\vc142.idb
d:\git code\practice\牛客练习题\debug\5_8.obj
d:\git code\practice\牛客练习题\debug\5.30.obj
d:\git code\practice\牛客练习题\debug\5.29.obj
d:\git code\practice\牛客练习题\debug\5.25.obj
d:\git code\practice\牛客练习题\debug\5.21.obj
d:\git code\practice\牛客练习题\debug\5.20.obj
d:\git code\practice\牛客练习题\debug\5.19.obj
d:\git code\practice\牛客练习题\debug\5.18.obj
d:\git code\practice\牛客练习题\debug\5.16.obj
d:\git code\practice\牛客练习题\debug\5.15.obj
d:\git code\practice\牛客练习题\debug\5.14.obj
d:\git code\practice\牛客练习题\debug\5.13.obj
d:\git code\practice\牛客练习题\debug\5.10.obj
d:\git code\practice\牛客练习题\debug\6.1.obj
d:\git code\practice\牛客练习题\debug\5.9.obj
d:\git code\practice\牛客练习题\debug\5.28.obj
d:\git code\practice\牛客练习题\debug\5.27.obj
d:\git code\practice\牛客练习题\debug\5.26.obj
d:\git code\practice\牛客练习题\debug\5.24.obj
d:\git code\practice\牛客练习题\debug\5.23.obj
d:\git code\practice\牛客练习题\debug\5.22.obj
d:\git code\practice\牛客练习题\debug\5.12.obj
d:\git code\practice\牛客练习题\debug\5.31.obj
d:\git code\practice\牛客练习题\debug\6.2.obj
d:\git code\practice\牛客练习题\debug\6.3.obj
d:\git code\practice\牛客练习题\debug\6.4.obj
d:\git code\practice\牛客练习题\debug\6.5.obj
d:\git code\practice\牛客练习题\debug\6.6.obj
d:\git code\practice\牛客练习题\debug\6.7.obj
d:\git code\practice\牛客练习题\debug\6.8.obj
d:\git code\practice\牛客练习题\debug\6.16.obj
d:\git code\practice\牛客练习题\debug\牛客练习题.exe
d:\git code\practice\牛客练习题\debug\牛客练习题.ilk
d:\git code\practice\牛客练习题\debug\牛客练习题.pdb
d:\git code\practice\牛客练习题\debug\牛客练习题.tlog\cl.command.1.tlog
d:\git code\practice\牛客练习题\debug\牛客练习题.tlog\cl.read.1.tlog
d:\git code\practice\牛客练习题\debug\牛客练习题.tlog\cl.write.1.tlog
d:\git code\practice\牛客练习题\debug\牛客练习题.tlog\link.command.1.tlog
d:\git code\practice\牛客练习题\debug\牛客练习题.tlog\link.read.1.tlog
d:\git code\practice\牛客练习题\debug\牛客练习题.tlog\link.write.1.tlog
