  5.10.cpp
  5.13.cpp
  5.14.cpp
  5.15.cpp
  5.16.cpp
  5.18.cpp
  5.19.cpp
  5.20.cpp
  5.21.cpp
  5.25.cpp
  5.29.cpp
  5.30.cpp
  5.31.cpp
  5_8.cpp
  6.3.cpp
  6.5.cpp
  正在生成代码...
  5.12.c
  5.22.c
  5.23.c
  5.24.c
  5.26.c
  5.27.c
  5.28.c
  5.9.c
  6.1.c
  6.16.c
D:\git Code\Practice\牛客练习题\6.16.c(46,13): warning C4047: “=”:“int *”与“int”的间接级别不同
D:\git Code\Practice\牛客练习题\6.16.c(44,1): warning C4047: “初始化”:“int *”与“int (*)[2]”的间接级别不同
  6.2.c
  6.4.c
  6.6.c
  6.7.c
  6.8.c
  正在生成代码...
  牛客练习题.vcxproj -> D:\git Code\Practice\牛客练习题\Debug\牛客练习题.exe
